<?xml version="1.0" encoding="UTF-8"?>
<testsuite xmlns:xsi="http://www.w3.org/2001/XMLSchema-instance" xsi:noNamespaceSchemaLocation="https://maven.apache.org/surefire/maven-surefire-plugin/xsd/surefire-test-report-3.0.xsd" version="3.0" name="org.example.menu.MenuExecutorTest" time="1.534" tests="10" errors="0" skipped="0" failures="0">
  <properties>
[...]
</properties>
  <testcase name="menuItem4Execute_WhenValidInputProvided_ShouldNotThrowException" classname="org.example.menu.MenuExecutorTest" time="0.133">
    <system-out><![CDATA[Please, enter the staff id for delete
]]></system-out>
  </testcase>
  <testcase name="menuItem8Execute_WhenCalled_ShouldNotThrowException" classname="org.example.menu.MenuExecutorTest" time="0.083">
    <system-out><![CDATA[List of deserts
------------------------------------------------------------
No deserts found.
------------------------------------------------------------

]]></system-out>
  </testcase>
  <testcase name="menuItem7Execute_WhenCalled_ShouldNotThrowException" classname="org.example.menu.MenuExecutorTest" time="0.125">
    <system-out><![CDATA[List of staff
------------------------------------------------------------
1.  ID: 326, Name: Raj - Радж - King, kingdom - Король, королівство Kumar - Кумар - Means "child," "son," or "prince" , Position ID: 1, Shift ID: 0
2.  ID: 323, Name: Kumar - Кумар - Child, son, prince - Дитина, син,  Devi - Деві - Means "goddess" in Sanskrit, often u, Position ID: 2, Shift ID: 0
3.  ID: 324, Name: Nisha - Ніша - Night - Ніч Kumar - Кумар - Means "child," "son," or "prince" , Position ID: 2, Shift ID: 0
4.  ID: 327, Name: Kumar - Кумар - Child, son, prince - Дитина, син,  Singh - Сінгх - Derived from the Sanskrit word "Si, Position ID: 3, Shift ID: 0
5.  ID: 325, Name: Sharma - Шарма - Protection, refuge, joy - Захист, Kumar - Кумар - Means "child," "son," or "prince" , Position ID: 1, Shift ID: 0
------------------------------------------------------------

]]></system-out>
  </testcase>
  <testcase name="menuItem5Execute_WhenValidInputProvided_ShouldNotThrowException" classname="org.example.menu.MenuExecutorTest" time="0.238">
    <system-out><![CDATA[List of coffeshops
------------------------------------------------------------
------------------------------------------------------------

Please, enter the coffeeshop titles, that assign to staff
Please, enter the staff id to assign
]]></system-out>
    <system-err><![CDATA[ERROR: null value in column "coffeeshops_id" of relation "staffandcoffeeshops" violates not-null constraint
  Detail: Failing row contains (525, 1, null, 2025-12-20 13:22:07.955714).
]]></system-err>
  </testcase>
  <testcase name="menuItem6Execute_WhenValidInputProvided_ShouldNotThrowException" classname="org.example.menu.MenuExecutorTest" time="0.145">
    <system-out><![CDATA[Please, enter the staff id to assign
List of coffeshops
------------------------------------------------------------
------------------------------------------------------------

Please, enter the coffeeshop title to remove from staff
]]></system-out>
  </testcase>
  <testcase name="menuItem1Execute_WhenValidInputProvided_ShouldNotThrowException" classname="org.example.menu.MenuExecutorTest" time="0.082">
    <system-out><![CDATA[Please, enter the number of staff
Shifts with less ore equal staff are
------------------------------------------------------------
------------------------------------------------------------

]]></system-out>
  </testcase>
  <testcase name="menuItem2Execute_WhenValidInputProvided_ShouldNotThrowException" classname="org.example.menu.MenuExecutorTest" time="0.296">
    <system-out><![CDATA[List of coffeshops
------------------------------------------------------------
------------------------------------------------------------

Please, enter the coffeshop title
------------------------------------------------------------
------------------------------------------------------------

]]></system-out>
  </testcase>
  <testcase name="menuItem3Execute_WhenValidInputProvided_ShouldNotThrowException" classname="org.example.menu.MenuExecutorTest" time="0.102">
    <system-out><![CDATA[List of shifts
------------------------------------------------------------
------------------------------------------------------------

Please, enter the shift to add staff
Please, enter the first name of staff
Please, enter the last name of staff
]]></system-out>
    <system-err><![CDATA[Invalid title of shift
]]></system-err>
  </testcase>
  <testcase name="menuItem10Execute_WhenCalled_ShouldNotThrowException" classname="org.example.menu.MenuExecutorTest" time="0.135">
    <system-out><![CDATA[============================================================
All baristas:
============================================================
1.  ID: 326, Name: Raj - Радж - King, kingdom - Король, королівство Kumar - Кумар - Means "child," "son," or "prince" , Position ID: 1, Shift ID: 0
2.  ID: 325, Name: Sharma - Шарма - Protection, refuge, joy - Захист, Kumar - Кумар - Means "child," "son," or "prince" , Position ID: 1, Shift ID: 0
============================================================
]]></system-out>
  </testcase>
  <testcase name="menuItem9Execute_WhenCalled_ShouldNotThrowException" classname="org.example.menu.MenuExecutorTest" time="0.183">
    <system-out><![CDATA[List of drinks and beverages
------------------------------------------------------------
No drinks found.
------------------------------------------------------------

]]></system-out>
  </testcase>
</testsuite>